# JRE version: OpenJDK Runtime Environment (11.0.10) (build 11.0.10+0-b96-7249189)
# Java VM: OpenJDK 64-Bit Server VM (11.0.10+0-b96-7249189, mixed mode, tiered, compressed oops, g1 gc, windows-amd64)
Heap:
 garbage-first heap   total 436224K, used 178918K [0x0000000080000000, 0x0000000100000000)
  region size 1024K, 11 young (11264K), 7 survivors (7168K)
 Metaspace       used 162414K, capacity 169750K, committed 169888K, reserved 1196032K
  class space    used 19892K, capacity 22553K, committed 22688K, reserved 1048576K
GC Heap History (20 events):
Event: 1641.427 GC heap before
{Heap before GC invocations=192 (full 0):
 garbage-first heap   total 436224K, used 345689K [0x0000000080000000, 0x0000000100000000)
  region size 1024K, 130 young (133120K), 10 survivors (10240K)
 Metaspace       used 160909K, capacity 168244K, committed 168736K, reserved 1196032K
  class space    used 19767K, capacity 22386K, committed 22560K, reserved 1048576K
}
Event: 1641.440 GC heap after
{Heap after GC invocations=193 (full 0):
 garbage-first heap   total 436224K, used 210746K [0x0000000080000000, 0x0000000100000000)
  region size 1024K, 17 young (17408K), 17 survivors (17408K)
 Metaspace       used 160909K, capacity 168244K, committed 168736K, reserved 1196032K
  class space    used 19767K, capacity 22386K, committed 22560K, reserved 1048576K
}
Event: 1641.448 GC heap before
{Heap before GC invocations=193 (full 0):
 garbage-first heap   total 436224K, used 213818K [0x0000000080000000, 0x0000000100000000)
  region size 1024K, 21 young (21504K), 17 survivors (17408K)
 Metaspace       used 160915K, capacity 168251K, committed 168736K, reserved 1196032K
  class space    used 19768K, capacity 22387K, committed 22560K, reserved 1048576K
}
Event: 1641.465 GC heap after
{Heap after GC invocations=194 (full 0):
 garbage-first heap   total 436224K, used 189724K [0x0000000080000000, 0x0000000100000000)
  region size 1024K, 3 young (3072K), 3 survivors (3072K)
 Metaspace       used 160915K, capacity 168251K, committed 168736K, reserved 1196032K
  class space    used 19768K, capacity 22387K, committed 22560K, reserved 1048576K
}
Event: 1641.958 GC heap before
{Heap before GC invocations=194 (full 0):
 garbage-first heap   total 436224K, used 288028K [0x0000000080000000, 0x0000000100000000)
  region size 1024K, 101 young (103424K), 3 survivors (3072K)
 Metaspace       used 161097K, capacity 168473K, committed 168736K, reserved 1196032K
  class space    used 19772K, capacity 22393K, committed 22560K, reserved 1048576K
}
Event: 1641.969 GC heap after
{Heap after GC invocations=195 (full 0):
 garbage-first heap   total 436224K, used 192067K [0x0000000080000000, 0x0000000100000000)
  region size 1024K, 5 young (5120K), 5 survivors (5120K)
 Metaspace       used 161097K, capacity 168473K, committed 168736K, reserved 1196032K
  class space    used 19772K, capacity 22393K, committed 22560K, reserved 1048576K
}
Event: 1642.575 GC heap before
{Heap before GC invocations=196 (full 0):
 garbage-first heap   total 436224K, used 340990K [0x0000000080000000, 0x0000000100000000)
  region size 1024K, 141 young (144384K), 5 survivors (5120K)
 Metaspace       used 161149K, capacity 168554K, committed 168992K, reserved 1196032K
  class space    used 19775K, capacity 22397K, committed 22560K, reserved 1048576K
}
Event: 1642.603 GC heap after
{Heap after GC invocations=197 (full 0):
 garbage-first heap   total 436224K, used 230162K [0x0000000080000000, 0x0000000100000000)
  region size 1024K, 18 young (18432K), 18 survivors (18432K)
 Metaspace       used 161149K, capacity 168554K, committed 168992K, reserved 1196032K
  class space    used 19775K, capacity 22397K, committed 22560K, reserved 1048576K
}
Event: 1642.621 GC heap before
{Heap before GC invocations=197 (full 0):
 garbage-first heap   total 436224K, used 233234K [0x0000000080000000, 0x0000000100000000)
  region size 1024K, 21 young (21504K), 18 survivors (18432K)
 Metaspace       used 161149K, capacity 168554K, committed 168992K, reserved 1196032K
  class space    used 19775K, capacity 22397K, committed 22560K, reserved 1048576K
}
Event: 1642.648 GC heap after
{Heap after GC invocations=198 (full 0):
 garbage-first heap   total 436224K, used 215736K [0x0000000080000000, 0x0000000100000000)
  region size 1024K, 3 young (3072K), 3 survivors (3072K)
 Metaspace       used 161149K, capacity 168554K, committed 168992K, reserved 1196032K
  class space    used 19775K, capacity 22397K, committed 22560K, reserved 1048576K
}
Event: 1642.659 GC heap before
{Heap before GC invocations=198 (full 0):
 garbage-first heap   total 436224K, used 217784K [0x0000000080000000, 0x0000000100000000)
  region size 1024K, 6 young (6144K), 3 survivors (3072K)
 Metaspace       used 161149K, capacity 168554K, committed 168992K, reserved 1196032K
  class space    used 19775K, capacity 22397K, committed 22560K, reserved 1048576K
}
Event: 1642.666 GC heap after
{Heap after GC invocations=199 (full 0):
 garbage-first heap   total 436224K, used 214011K [0x0000000080000000, 0x0000000100000000)
  region size 1024K, 1 young (1024K), 1 survivors (1024K)
 Metaspace       used 161149K, capacity 168554K, committed 168992K, reserved 1196032K
  class space    used 19775K, capacity 22397K, committed 22560K, reserved 1048576K
}
Event: 1643.386 GC heap before
{Heap before GC invocations=200 (full 0):
 garbage-first heap   total 436224K, used 350203K [0x0000000080000000, 0x0000000100000000)
  region size 1024K, 122 young (124928K), 1 survivors (1024K)
 Metaspace       used 161163K, capacity 168554K, committed 168992K, reserved 1196032K
  class space    used 19775K, capacity 22397K, committed 22560K, reserved 1048576K
}
Event: 1643.399 GC heap after
{Heap after GC invocations=201 (full 0):
 garbage-first heap   total 436224K, used 239744K [0x0000000080000000, 0x0000000100000000)
  region size 1024K, 14 young (14336K), 14 survivors (14336K)
 Metaspace       used 161163K, capacity 168554K, committed 168992K, reserved 1196032K
  class space    used 19775K, capacity 22397K, committed 22560K, reserved 1048576K
}
Event: 1643.762 GC heap before
{Heap before GC invocations=201 (full 0):
 garbage-first heap   total 436224K, used 245888K [0x0000000080000000, 0x0000000100000000)
  region size 1024K, 21 young (21504K), 14 survivors (14336K)
 Metaspace       used 161171K, capacity 168555K, committed 168992K, reserved 1196032K
  class space    used 19775K, capacity 22397K, committed 22560K, reserved 1048576K
}
Event: 1643.773 GC heap after
{Heap after GC invocations=202 (full 0):
 garbage-first heap   total 436224K, used 221846K [0x0000000080000000, 0x0000000100000000)
  region size 1024K, 1 young (1024K), 1 survivors (1024K)
 Metaspace       used 161171K, capacity 168555K, committed 168992K, reserved 1196032K
  class space    used 19775K, capacity 22397K, committed 22560K, reserved 1048576K
}
Event: 1645.210 GC heap before
{Heap before GC invocations=202 (full 0):
 garbage-first heap   total 436224K, used 276118K [0x0000000080000000, 0x0000000100000000)
  region size 1024K, 56 young (57344K), 1 survivors (1024K)
 Metaspace       used 161300K, capacity 168698K, committed 168992K, reserved 1196032K
  class space    used 19779K, capacity 22401K, committed 22560K, reserved 1048576K
}
Event: 1645.214 GC heap after
{Heap after GC invocations=203 (full 0):
 garbage-first heap   total 436224K, used 224279K [0x0000000080000000, 0x0000000100000000)
  region size 1024K, 4 young (4096K), 4 survivors (4096K)
 Metaspace       used 161300K, capacity 168698K, committed 168992K, reserved 1196032K
  class space    used 19779K, capacity 22401K, committed 22560K, reserved 1048576K
}
Event: 1646.273 GC heap before
{Heap before GC invocations=204 (full 0):
 garbage-first heap   total 436224K, used 302103K [0x0000000080000000, 0x0000000100000000)
  region size 1024K, 116 young (118784K), 4 survivors (4096K)
 Metaspace       used 162376K, capacity 169746K, committed 169888K, reserved 1196032K
  class space    used 19890K, capacity 22552K, committed 22688K, reserved 1048576K
}
Event: 1646.282 GC heap after
{Heap after GC invocations=205 (full 0):
 garbage-first heap   total 436224K, used 194810K [0x0000000080000000, 0x0000000100000000)
  region size 1024K, 11 young (11264K), 11 survivors (11264K)
 Metaspace       used 162376K, capacity 169746K, committed 169888K, reserved 1196032K
  class space    used 19890K, capacity 22552K, committed 22688K, reserved 1048576K
}

